<?xml version="1.0" encoding="UTF-8"?>
<testsuite xmlns:xsi="http://www.w3.org/2001/XMLSchema-instance" xsi:noNamespaceSchemaLocation="https://maven.apache.org/surefire/maven-surefire-plugin/xsd/surefire-test-report.xsd" name="StackTest" time="0.056" tests="7" errors="0" skipped="0" failures="0">
  <properties>
[...]
</properties>
  <testcase name="testPop" classname="StackTest" time="0.036"/>
  <testcase name="addition" classname="StackTest" time="0"/>
  <testcase name="testPeek" classname="StackTest" time="0.002"/>
  <testcase name="testPush" classname="StackTest" time="0.001"/>
  <testcase name="check" classname="StackTest" time="0.001"/>
  <testcase name="testIsFull" classname="StackTest" time="0.001"/>
  <testcase name="testIsEmpty" classname="StackTest" time="0.002"/>
</testsuite>